c:\users\reime\desktop\soos\x64dbg presence\x64dbgpresence\release\vc142.pdb
c:\users\reime\desktop\soos\x64dbg presence\x64dbgpresence\release\pluginmain.obj
c:\users\reime\desktop\soos\x64dbg presence\x64dbgpresence\release\plugin.obj
c:\users\reime\desktop\soos\x64dbg presence\x64dbgpresence\release\serialization.obj
c:\users\reime\desktop\soos\x64dbg presence\x64dbgpresence\release\rpc_connection.obj
c:\users\reime\desktop\soos\x64dbg presence\x64dbgpresence\release\dllmain.obj
c:\users\reime\desktop\soos\x64dbg presence\x64dbgpresence\release\discord_rpc.obj
c:\users\reime\desktop\soos\x64dbg presence\x64dbgpresence\release\discord_register_win.obj
c:\users\reime\desktop\soos\x64dbg presence\x64dbgpresence\release\connection_win.obj
c:\users\reime\desktop\soos\x64dbg presence\bin\x32\x64dbg presence.dp32
c:\users\reime\desktop\soos\x64dbg presence\bin\x32\x64dbg presence.pdb
c:\users\reime\desktop\soos\x64dbg presence\bin\x32\x64dbg presence.lib
c:\users\reime\desktop\soos\x64dbg presence\bin\x32\x64dbg presence.exp
c:\users\reime\desktop\soos\x64dbg presence\bin\x32\x64dbg presence.ipdb
c:\users\reime\desktop\soos\x64dbg presence\bin\x32\x64dbg presence.iobj
c:\users\reime\desktop\soos\x64dbg presence\x64dbgpresence\release\x64dbg presence.tlog\cl.command.1.tlog
c:\users\reime\desktop\soos\x64dbg presence\x64dbgpresence\release\x64dbg presence.tlog\cl.read.1.tlog
c:\users\reime\desktop\soos\x64dbg presence\x64dbgpresence\release\x64dbg presence.tlog\cl.write.1.tlog
c:\users\reime\desktop\soos\x64dbg presence\x64dbgpresence\release\x64dbg presence.tlog\link.command.1.tlog
c:\users\reime\desktop\soos\x64dbg presence\x64dbgpresence\release\x64dbg presence.tlog\link.read.1.tlog
c:\users\reime\desktop\soos\x64dbg presence\x64dbgpresence\release\x64dbg presence.tlog\link.write.1.tlog
c:\users\reime\desktop\soos\x64dbg presence\x64dbgpresence\release\x64dbg presence.tlog\x64dbg presence.write.1u.tlog
